<?xml version="1.0" encoding="UTF-8"?>
<!-- Generated by org.testng.reporters.JUnitReportReporter -->
<testsuite hostname="LAPTOP-MLKHQJEV" name="com.lemon.testcaes.ConfiguresCase" tests="6" failures="0" timestamp="23 Dec 2019 10:16:38 GMT" time="0.549" errors="0">
  <testcase name="configures" time="0.077" classname="com.lemon.testcaes.ConfiguresCase"/>
  <testcase name="configures" time="0.119" classname="com.lemon.testcaes.ConfiguresCase"/>
  <testcase name="configures" time="0.100" classname="com.lemon.testcaes.ConfiguresCase"/>
  <testcase name="configures" time="0.086" classname="com.lemon.testcaes.ConfiguresCase"/>
  <testcase name="configures" time="0.084" classname="com.lemon.testcaes.ConfiguresCase"/>
  <testcase name="configures" time="0.083" classname="com.lemon.testcaes.ConfiguresCase"/>
</testsuite> <!-- com.lemon.testcaes.ConfiguresCase -->
