<?xml version="1.0" encoding="UTF-8"?>
<!-- Generated by org.testng.reporters.JUnitReportReporter -->
<testsuite hostname="LAPTOP-MLKHQJEV" name="com.lemon.testcaes.RegisterCase" tests="6" failures="0" timestamp="23 Dec 2019 10:16:38 GMT" time="1.720" errors="0">
  <testcase name="Register" time="0.098" classname="com.lemon.testcaes.RegisterCase"/>
  <testcase name="Register" time="1.137" classname="com.lemon.testcaes.RegisterCase"/>
  <testcase name="Register" time="0.236" classname="com.lemon.testcaes.RegisterCase"/>
  <testcase name="Register" time="0.085" classname="com.lemon.testcaes.RegisterCase"/>
  <testcase name="Register" time="0.080" classname="com.lemon.testcaes.RegisterCase"/>
  <testcase name="Register" time="0.084" classname="com.lemon.testcaes.RegisterCase"/>
</testsuite> <!-- com.lemon.testcaes.RegisterCase -->
