<?xml version="1.0" encoding="UTF-8"?>
<!-- Generated by org.testng.reporters.JUnitReportReporter -->
<testsuite hostname="LAPTOP-MLKHQJEV" name="com.lemon.testcaes.RechargeCase" tests="6" failures="0" timestamp="16 Dec 2019 07:27:33 GMT" time="0.524" errors="0">
  <testcase name="recharge" time="0.088" classname="com.lemon.testcaes.RechargeCase"/>
  <testcase name="recharge" time="0.071" classname="com.lemon.testcaes.RechargeCase"/>
  <testcase name="recharge" time="0.098" classname="com.lemon.testcaes.RechargeCase"/>
  <testcase name="recharge" time="0.088" classname="com.lemon.testcaes.RechargeCase"/>
  <testcase name="recharge" time="0.091" classname="com.lemon.testcaes.RechargeCase"/>
  <testcase name="recharge" time="0.088" classname="com.lemon.testcaes.RechargeCase"/>
</testsuite> <!-- com.lemon.testcaes.RechargeCase -->
