<?xml version="1.0" encoding="UTF-8"?>
<!-- Generated by org.testng.reporters.JUnitReportReporter -->
<testsuite hostname="LAPTOP-MLKHQJEV" name="com.lemon.testcaes.LoginCase" tests="5" failures="0" timestamp="23 Dec 2019 10:16:38 GMT" time="0.793" errors="0">
  <testcase name="login" time="0.086" classname="com.lemon.testcaes.LoginCase"/>
  <testcase name="login" time="0.202" classname="com.lemon.testcaes.LoginCase"/>
  <testcase name="login" time="0.080" classname="com.lemon.testcaes.LoginCase"/>
  <testcase name="login" time="0.216" classname="com.lemon.testcaes.LoginCase"/>
  <testcase name="login" time="0.209" classname="com.lemon.testcaes.LoginCase"/>
</testsuite> <!-- com.lemon.testcaes.LoginCase -->
