<?xml version="1.0" encoding="UTF-8"?>
<!-- Generated by org.testng.reporters.JUnitReportReporter -->
<testsuite hostname="LAPTOP-MLKHQJEV" name="com.lemon.testcaes.ConfiguresCase" tests="6" failures="0" timestamp="23 Dec 2019 11:23:01 GMT" time="0.560" errors="0">
  <testcase name="configures" time="0.099" classname="com.lemon.testcaes.ConfiguresCase"/>
  <testcase name="configures" time="0.111" classname="com.lemon.testcaes.ConfiguresCase"/>
  <testcase name="configures" time="0.079" classname="com.lemon.testcaes.ConfiguresCase"/>
  <testcase name="configures" time="0.093" classname="com.lemon.testcaes.ConfiguresCase"/>
  <testcase name="configures" time="0.088" classname="com.lemon.testcaes.ConfiguresCase"/>
  <testcase name="configures" time="0.090" classname="com.lemon.testcaes.ConfiguresCase"/>
</testsuite> <!-- com.lemon.testcaes.ConfiguresCase -->
