<?xml version="1.0" encoding="UTF-8"?>
<!-- Generated by org.testng.reporters.JUnitReportReporter -->
<testsuite hostname="LAPTOP-MLKHQJEV" name="com.lemon.testcaes.LoginCase" tests="5" failures="0" timestamp="23 Dec 2019 11:23:01 GMT" time="0.806" errors="0">
  <testcase name="login" time="0.216" classname="com.lemon.testcaes.LoginCase"/>
  <testcase name="login" time="0.085" classname="com.lemon.testcaes.LoginCase"/>
  <testcase name="login" time="0.213" classname="com.lemon.testcaes.LoginCase"/>
  <testcase name="login" time="0.214" classname="com.lemon.testcaes.LoginCase"/>
  <testcase name="login" time="0.078" classname="com.lemon.testcaes.LoginCase"/>
</testsuite> <!-- com.lemon.testcaes.LoginCase -->
