<?xml version="1.0" encoding="UTF-8"?>
<!-- Generated by org.testng.reporters.JUnitReportReporter -->
<testsuite hostname="LAPTOP-MLKHQJEV" name="com.lemon.testcaes.ProjectsCase" tests="6" failures="0" timestamp="23 Dec 2019 11:23:01 GMT" time="0.747" errors="0">
  <testcase name="project" time="0.079" classname="com.lemon.testcaes.ProjectsCase"/>
  <testcase name="project" time="0.173" classname="com.lemon.testcaes.ProjectsCase"/>
  <testcase name="project" time="0.126" classname="com.lemon.testcaes.ProjectsCase"/>
  <testcase name="project" time="0.118" classname="com.lemon.testcaes.ProjectsCase"/>
  <testcase name="project" time="0.092" classname="com.lemon.testcaes.ProjectsCase"/>
  <testcase name="project" time="0.159" classname="com.lemon.testcaes.ProjectsCase"/>
</testsuite> <!-- com.lemon.testcaes.ProjectsCase -->
