<?xml version="1.0" encoding="UTF-8"?>
<!-- Generated by org.testng.reporters.JUnitReportReporter -->
<testsuite hostname="LAPTOP-MLKHQJEV" name="com.lemon.testcaes.RegisterCase" tests="6" failures="0" timestamp="23 Dec 2019 11:23:01 GMT" time="1.891" errors="0">
  <testcase name="Register" time="0.078" classname="com.lemon.testcaes.RegisterCase"/>
  <testcase name="Register" time="0.094" classname="com.lemon.testcaes.RegisterCase"/>
  <testcase name="Register" time="0.267" classname="com.lemon.testcaes.RegisterCase"/>
  <testcase name="Register" time="0.094" classname="com.lemon.testcaes.RegisterCase"/>
  <testcase name="Register" time="0.093" classname="com.lemon.testcaes.RegisterCase"/>
  <testcase name="Register" time="1.265" classname="com.lemon.testcaes.RegisterCase"/>
</testsuite> <!-- com.lemon.testcaes.RegisterCase -->
